<?xml version="1.0" encoding="UTF-8"?>
<testng-results ignored="0" total="1" passed="1" failed="0" skipped="0">
  <reporter-output>
  </reporter-output>
  <suite started-at="2024-03-15T14:11:40 IST" name="Default suite" finished-at="2024-03-15T14:11:44 IST" duration-ms="3467">
    <groups>
    </groups>
    <test started-at="2024-03-15T14:11:40 IST" name="Default test" finished-at="2024-03-15T14:11:44 IST" duration-ms="3467">
      <class name="Basic.OrganizationsTest">
        <test-method signature="CreateOrganizationsTest()[pri:0, instance:Basic.OrganizationsTest@33990a0c]" started-at="2024-03-15T14:11:40 IST" name="CreateOrganizationsTest" finished-at="2024-03-15T14:11:44 IST" duration-ms="3443" status="PASS">
          <reporter-output>
          </reporter-output>
        </test-method> <!-- CreateOrganizationsTest -->
      </class> <!-- Basic.OrganizationsTest -->
    </test> <!-- Default test -->
  </suite> <!-- Default suite -->
</testng-results>
